06:06 00:03:34.685 [restartedMain] [INFO] [com.bikkadit.EcommerceApplication]-Starting EcommerceApplication using Java 17.0.6 with PID 18412 (C:\Users\Lenovo\Desktop\20092022\ecommerce\target\classes started by Lenovo in C:\Users\Lenovo\Desktop\20092022\ecommerce)
06:06 00:03:34.686 [restartedMain] [INFO] [com.bikkadit.EcommerceApplication]-No active profile set, falling back to 1 default profile: "default"
06:06 00:03:34.733 [restartedMain] [INFO] [o.s.b.d.e.DevToolsPropertyDefaultsPostProcessor]-Devtools property defaults active! Set 'spring.devtools.add-properties' to 'false' to disable
06:06 00:03:34.733 [restartedMain] [INFO] [o.s.b.d.e.DevToolsPropertyDefaultsPostProcessor]-For additional web related logging consider setting the 'logging.level.web' property to 'DEBUG'
06:06 00:03:36.135 [restartedMain] [INFO] [o.s.b.w.embedded.tomcat.TomcatWebServer]-Tomcat initialized with port(s): 6664 (http)
06:06 00:03:36.214 [restartedMain] [INFO] [o.s.b.w.s.c.ServletWebServerApplicationContext]-Root WebApplicationContext: initialization completed in 1480 ms
06:06 00:03:38.369 [restartedMain] [WARN] [o.s.b.a.o.j.JpaBaseConfiguration$JpaWebConfiguration]-spring.jpa.open-in-view is enabled by default. Therefore, database queries may be performed during view rendering. Explicitly configure spring.jpa.open-in-view to disable this warning
06:06 00:03:38.667 [restartedMain] [INFO] [o.s.b.d.a.OptionalLiveReloadServer]-LiveReload server is running on port 35729
06:06 00:03:38.697 [restartedMain] [INFO] [o.s.b.w.embedded.tomcat.TomcatWebServer]-Tomcat started on port(s): 6664 (http) with context path ''
06:06 00:03:38.704 [restartedMain] [INFO] [com.bikkadit.EcommerceApplication]-Started EcommerceApplication in 4.294 seconds (process running for 4.817)
06:06 00:08:09.220 [http-nio-6664-exec-3] [INFO] [com.bikkadit.controller.UserController]-Request Created For Create User
06:06 00:08:09.220 [http-nio-6664-exec-3] [INFO] [c.bikkadit.serviceimpl.UserServiceImpl]-Request Created For Create User
06:06 00:08:09.377 [http-nio-6664-exec-3] [INFO] [c.bikkadit.serviceimpl.UserServiceImpl]-Request Completed For Create User
06:06 00:08:09.377 [http-nio-6664-exec-3] [INFO] [com.bikkadit.controller.UserController]-Request Completed For Create User
06:06 00:15:03.856 [restartedMain] [INFO] [com.bikkadit.EcommerceApplication]-Starting EcommerceApplication using Java 17.0.6 with PID 17680 (C:\Users\Lenovo\Desktop\20092022\ecommerce\target\classes started by Lenovo in C:\Users\Lenovo\Desktop\20092022\ecommerce)
06:06 00:15:03.857 [restartedMain] [INFO] [com.bikkadit.EcommerceApplication]-No active profile set, falling back to 1 default profile: "default"
06:06 00:15:03.897 [restartedMain] [INFO] [o.s.b.d.e.DevToolsPropertyDefaultsPostProcessor]-Devtools property defaults active! Set 'spring.devtools.add-properties' to 'false' to disable
06:06 00:15:03.897 [restartedMain] [INFO] [o.s.b.d.e.DevToolsPropertyDefaultsPostProcessor]-For additional web related logging consider setting the 'logging.level.web' property to 'DEBUG'
06:06 00:15:05.210 [restartedMain] [INFO] [o.s.b.w.embedded.tomcat.TomcatWebServer]-Tomcat initialized with port(s): 6664 (http)
06:06 00:15:05.290 [restartedMain] [INFO] [o.s.b.w.s.c.ServletWebServerApplicationContext]-Root WebApplicationContext: initialization completed in 1392 ms
06:06 00:15:07.314 [restartedMain] [WARN] [o.s.b.a.o.j.JpaBaseConfiguration$JpaWebConfiguration]-spring.jpa.open-in-view is enabled by default. Therefore, database queries may be performed during view rendering. Explicitly configure spring.jpa.open-in-view to disable this warning
06:06 00:15:07.641 [restartedMain] [INFO] [o.s.b.d.a.OptionalLiveReloadServer]-LiveReload server is running on port 35729
06:06 00:15:07.671 [restartedMain] [INFO] [o.s.b.w.embedded.tomcat.TomcatWebServer]-Tomcat started on port(s): 6664 (http) with context path ''
06:06 00:15:07.679 [restartedMain] [INFO] [com.bikkadit.EcommerceApplication]-Started EcommerceApplication in 4.081 seconds (process running for 4.624)
06:06 00:15:19.703 [http-nio-6664-exec-1] [INFO] [com.bikkadit.controller.UserController]-Single Users Fetch Successfully264e925b-9934-45b7-9b1d-f965d4adc2e1
06:06 00:15:19.706 [http-nio-6664-exec-1] [INFO] [c.bikkadit.serviceimpl.UserServiceImpl]-Request Created For Fetch Single User
06:06 00:15:19.790 [http-nio-6664-exec-1] [INFO] [c.bikkadit.serviceimpl.UserServiceImpl]-Request Completed For Fetch Single User
06:06 00:17:53.294 [restartedMain] [INFO] [com.bikkadit.EcommerceApplication]-Starting EcommerceApplication using Java 17.0.6 with PID 5996 (C:\Users\Lenovo\Desktop\20092022\ecommerce\target\classes started by Lenovo in C:\Users\Lenovo\Desktop\20092022\ecommerce)
06:06 00:17:53.295 [restartedMain] [INFO] [com.bikkadit.EcommerceApplication]-No active profile set, falling back to 1 default profile: "default"
06:06 00:17:53.335 [restartedMain] [INFO] [o.s.b.d.e.DevToolsPropertyDefaultsPostProcessor]-Devtools property defaults active! Set 'spring.devtools.add-properties' to 'false' to disable
06:06 00:17:53.335 [restartedMain] [INFO] [o.s.b.d.e.DevToolsPropertyDefaultsPostProcessor]-For additional web related logging consider setting the 'logging.level.web' property to 'DEBUG'
06:06 00:17:54.688 [restartedMain] [INFO] [o.s.b.w.embedded.tomcat.TomcatWebServer]-Tomcat initialized with port(s): 6664 (http)
06:06 00:17:54.760 [restartedMain] [INFO] [o.s.b.w.s.c.ServletWebServerApplicationContext]-Root WebApplicationContext: initialization completed in 1424 ms
06:06 00:17:56.761 [restartedMain] [WARN] [o.s.b.a.o.j.JpaBaseConfiguration$JpaWebConfiguration]-spring.jpa.open-in-view is enabled by default. Therefore, database queries may be performed during view rendering. Explicitly configure spring.jpa.open-in-view to disable this warning
06:06 00:17:57.100 [restartedMain] [INFO] [o.s.b.d.a.OptionalLiveReloadServer]-LiveReload server is running on port 35729
06:06 00:17:57.132 [restartedMain] [INFO] [o.s.b.w.embedded.tomcat.TomcatWebServer]-Tomcat started on port(s): 6664 (http) with context path ''
06:06 00:17:57.142 [restartedMain] [INFO] [com.bikkadit.EcommerceApplication]-Started EcommerceApplication in 4.092 seconds (process running for 4.576)
06:06 00:19:02.461 [http-nio-6664-exec-3] [INFO] [com.bikkadit.controller.UserController]-Request Created For Create UserUserDto(userId=null, userName=Simran, userAdd=Sakoli, userEmail=sim@gmail.com, userPassword=sim444, gender=Female, userAbout=sima is social worker, imageName=sim.image)
06:06 00:19:02.462 [http-nio-6664-exec-3] [INFO] [c.bikkadit.serviceimpl.UserServiceImpl]-Request Created For Create User
06:06 00:19:02.590 [http-nio-6664-exec-3] [INFO] [c.bikkadit.serviceimpl.UserServiceImpl]-Request Completed For Create User
06:06 00:19:02.590 [http-nio-6664-exec-3] [INFO] [com.bikkadit.controller.UserController]-Request Completed For Create UserUserDto(userId=27fbaa0c-492e-4045-ae4a-c4c779372f4d, userName=Simran, userAdd=Sakoli, userEmail=sim@gmail.com, userPassword=sim444, gender=Female, userAbout=sima is social worker, imageName=sim.image)
06:06 00:20:27.707 [http-nio-6664-exec-7] [INFO] [com.bikkadit.controller.UserController]-Request Created For Update Userf06e394b-eeb8-4f31-bfe2-3f6ac1a9063b
06:06 00:20:27.708 [http-nio-6664-exec-7] [INFO] [c.bikkadit.serviceimpl.UserServiceImpl]-Request Created For Update User
06:06 00:20:59.744 [http-nio-6664-exec-9] [INFO] [com.bikkadit.controller.UserController]-Request Created For Update Userfb42d30f-2c34-4d80-b155-582440bf979c
06:06 00:20:59.744 [http-nio-6664-exec-9] [INFO] [c.bikkadit.serviceimpl.UserServiceImpl]-Request Created For Update User
06:06 00:20:59.764 [http-nio-6664-exec-9] [INFO] [c.bikkadit.serviceimpl.UserServiceImpl]-Request Completed For Update User
06:06 00:20:59.764 [http-nio-6664-exec-9] [INFO] [com.bikkadit.controller.UserController]-Request Completed For Update Userfb42d30f-2c34-4d80-b155-582440bf979c
06:06 00:21:35.525 [http-nio-6664-exec-10] [INFO] [com.bikkadit.controller.UserController]-All Users Are Fetch Successfully
06:06 00:21:35.526 [http-nio-6664-exec-10] [INFO] [c.bikkadit.serviceimpl.UserServiceImpl]-Request Created For Fetch All User
06:06 00:21:35.607 [http-nio-6664-exec-10] [INFO] [c.bikkadit.serviceimpl.UserServiceImpl]-Request Completed For Fetch All User
